<?xml version="1.0" encoding="UTF-8"?>
<!-- Generated by org.testng.reporters.JUnitReportReporter -->
<testsuite skipped="0" hostname="DESKTOP-G9OQGKA" name="com.testcase.login.VarifyLogin" tests="1" failures="0" timestamp="19 Jun 2018 00:31:03 GMT" time="11.378" errors="0">
  <testcase name="checkvaliduser" time="11.378" classname="com.testcase.login.VarifyLogin"/>
</testsuite> <!-- com.testcase.login.VarifyLogin -->
